0 info it worked if it ends with ok
1 verbose cli [ '/usr/local/bin/node',
1 verbose cli   '/usr/local/bin/npm',
1 verbose cli   'run',
1 verbose cli   'test:challenge_3' ]
2 info using npm@2.14.7
3 info using node@v4.2.1
4 verbose run-script [ 'pretest:challenge_3',
4 verbose run-script   'test:challenge_3',
4 verbose run-script   'posttest:challenge_3' ]
5 info pretest:challenge_3 react-boilerplate@1.0.0
6 info test:challenge_3 react-boilerplate@1.0.0
7 verbose unsafe-perm in lifecycle true
8 info react-boilerplate@1.0.0 Failed to exec test:challenge_3 script
9 verbose stack Error: react-boilerplate@1.0.0 test:challenge_3: `mocha --compilers js:babel-core/register --require ./test/test_helper.js ./test/3_props_test.js`
9 verbose stack Exit status 1
9 verbose stack     at EventEmitter.<anonymous> (/usr/local/lib/node_modules/npm/lib/utils/lifecycle.js:214:16)
9 verbose stack     at emitTwo (events.js:87:13)
9 verbose stack     at EventEmitter.emit (events.js:172:7)
9 verbose stack     at ChildProcess.<anonymous> (/usr/local/lib/node_modules/npm/lib/utils/spawn.js:24:14)
9 verbose stack     at emitTwo (events.js:87:13)
9 verbose stack     at ChildProcess.emit (events.js:172:7)
9 verbose stack     at maybeClose (internal/child_process.js:818:16)
9 verbose stack     at Process.ChildProcess._handle.onexit (internal/child_process.js:211:5)
10 verbose pkgid react-boilerplate@1.0.0
11 verbose cwd /Users/brandon/Desktop/React/introduction-to-react
12 error Darwin 14.0.0
13 error argv "/usr/local/bin/node" "/usr/local/bin/npm" "run" "test:challenge_3"
14 error node v4.2.1
15 error npm  v2.14.7
16 error code ELIFECYCLE
17 error react-boilerplate@1.0.0 test:challenge_3: `mocha --compilers js:babel-core/register --require ./test/test_helper.js ./test/3_props_test.js`
17 error Exit status 1
18 error Failed at the react-boilerplate@1.0.0 test:challenge_3 script 'mocha --compilers js:babel-core/register --require ./test/test_helper.js ./test/3_props_test.js'.
18 error This is most likely a problem with the react-boilerplate package,
18 error not with npm itself.
18 error Tell the author that this fails on your system:
18 error     mocha --compilers js:babel-core/register --require ./test/test_helper.js ./test/3_props_test.js
18 error You can get their info via:
18 error     npm owner ls react-boilerplate
18 error There is likely additional logging output above.
19 verbose exit [ 1, true ]
